2026-01-25 11:40:09,517 - INFO - Старт отправки письма о новом продукте:  Nokia 3310
2026-01-25 11:42:25,140 - INFO - Письмо о добавлении нового продукта Nokia 3310 (1) успешно отправлено для: ['alpono24@gmail.com']
2026-01-25 13:22:05,735 - INFO - Старт отправки письма о новом продукте:  Самсунг Ф3
2026-01-25 13:22:05,738 - INFO - Старт отправки письма о новом продукте:  Самсунг Ф32
2026-01-25 13:22:05,739 - INFO - Старт отправки письма о новом продукте:  Самсунг А1
2026-01-25 13:24:20,297 - INFO - Письмо о добавлении нового продукта Самсунг А1 (1) успешно отправлено для: ['alpono24@gmail.com', 'lp-1984@mail.ru', 'lp-1984@mail.ru']
2026-01-25 13:24:20,362 - INFO - Письмо о добавлении нового продукта Самсунг Ф3 (1) успешно отправлено для: ['alpono24@gmail.com', 'lp-1984@mail.ru', 'lp-1984@mail.ru']
2026-01-25 13:24:20,532 - INFO - Письмо о добавлении нового продукта Самсунг Ф32 (1) успешно отправлено для: ['alpono24@gmail.com', 'lp-1984@mail.ru', 'lp-1984@mail.ru']
2026-01-25 13:29:35,143 - INFO - Старт отправки письма о новом продукте:  Sprite
2026-01-25 13:29:35,145 - INFO - Старт отправки письма о новом продукте:  Coca-cola
2026-01-25 13:31:50,893 - INFO - Письмо о добавлении нового продукта Sprite (1) успешно отправлено для: ['alpono24@gmail.com', 'lp-1984@mail.ru', 'lp-1984@mail.ru']
2026-01-25 13:31:51,143 - INFO - Письмо о добавлении нового продукта Coca-cola (1) успешно отправлено для: ['alpono24@gmail.com', 'lp-1984@mail.ru', 'lp-1984@mail.ru']
2026-01-25 13:33:30,802 - INFO - Старт отправки письма о новом продукте:  Молоко
2026-01-25 13:35:44,341 - INFO - Письмо о добавлении нового продукта Молоко (1) успешно отправлено для: ['alpono24@gmail.com', 'lp-1984@mail.ru', 'lp-1984@mail.ru']
2026-01-28 14:08:24,256 - INFO - Старт отправки письма о новом продукте:  Reeeeeeeeeeeee
2026-01-28 14:08:25,550 - INFO - Письмо о добавлении нового продукта Reeeeeeeeeeeee (1) успешно отправлено для: ['alpono24@gmail.com', 'qweqqwq@mail.ru', 'alpono24@gmail.ru']
2026-01-28 17:08:53,909 - INFO - Старт отправки письма о новом продукте:  Одеколон Саша
2026-01-28 17:08:55,084 - INFO - Письмо о добавлении нового продукта Одеколон Саша (1) успешно отправлено для: ['alpono24@gmail.com']
2026-01-28 17:21:03,757 - INFO - Старт отправки письма о новом продукте:  Nokia 3310
2026-01-28 17:21:04,957 - INFO - Письмо о добавлении нового продукта Nokia 3310 (1) успешно отправлено для: ['lp-1984@mail.ru', 'alex.ponomarov@mail.ru', 'lp-1984@mail.ru', 'lp-1984@mail.ru', 'lp-1984@mail.ru', 'lp-1984@mail.ru', 'alpono24@gmail.com']
2026-01-28 17:25:03,085 - INFO - Старт отправки письма о новом продукте:  сони эриксон K750i
2026-01-28 17:25:04,289 - INFO - Письмо о добавлении нового продукта сони эриксон K750i (1) успешно отправлено для: ['lp-1984@mail.ru', 'alex.ponomarov@mail.ru', 'lp-1984@mail.ru', 'lp-1984@mail.ru', 'lp-1984@mail.ru', 'lp-1984@mail.ru', 'alpono24@gmail.com']
2026-01-28 18:21:45,664 - INFO - Старт отправки письма о новом продукте:  Одекалон Паша
2026-01-28 18:21:46,828 - INFO - Письмо о добавлении нового продукта Одекалон Паша (1) успешно отправлено для: ['lp-1984@mail.ru', 'alex.ponomarov@mail.ru', 'lp-1984@mail.ru', 'lp-1984@mail.ru', 'lp-1984@mail.ru', 'lp-1984@mail.ru', 'alpono24@gmail.com']
2026-01-28 18:42:00,636 - INFO - Старт отправки письма о новом продукте:  Coca-cola
2026-01-28 18:42:00,637 - INFO - Старт отправки письма о новом продукте:  Sprite
2026-01-28 18:42:01,861 - INFO - Письмо о добавлении нового продукта Sprite (1) успешно отправлено для: ['lp-1984@mail.ru', 'alex.ponomarov@mail.ru', 'lp-1984@mail.ru', 'lp-1984@mail.ru', 'lp-1984@mail.ru', 'lp-1984@mail.ru', 'alpono24@gmail.com']
2026-01-28 18:42:01,947 - INFO - Письмо о добавлении нового продукта Coca-cola (1) успешно отправлено для: ['lp-1984@mail.ru', 'alex.ponomarov@mail.ru', 'lp-1984@mail.ru', 'lp-1984@mail.ru', 'lp-1984@mail.ru', 'lp-1984@mail.ru', 'alpono24@gmail.com']
2026-01-28 18:47:04,896 - INFO - Старт отправки письма о новом продукте:  Виски Нарочь
2026-01-28 18:47:06,129 - INFO - Письмо о добавлении нового продукта Виски Нарочь (1) успешно отправлено для: ['lp-1984@mail.ru', 'alex.ponomarov@mail.ru', 'lp-1984@mail.ru', 'lp-1984@mail.ru', 'lp-1984@mail.ru', 'lp-1984@mail.ru', 'alpono24@gmail.com']
2026-01-28 18:50:20,488 - INFO - Старт отправки письма о новом продукте:  Коньяк Арарат
2026-01-28 18:50:22,856 - INFO - Письмо о добавлении нового продукта Коньяк Арарат (1) успешно отправлено для: ['lp-1984@mail.ru', 'alex.ponomarov@mail.ru', 'lp-1984@mail.ru', 'lp-1984@mail.ru', 'lp-1984@mail.ru', 'lp-1984@mail.ru', 'alpono24@gmail.com']
2026-01-28 18:55:44,221 - INFO - Старт отправки письма о новом продукте:  Туалетная вода Hugo Boss Hugo (75мл)
2026-01-28 18:55:45,440 - INFO - Письмо о добавлении нового продукта Туалетная вода Hugo Boss Hugo (75мл) (1) успешно отправлено для: ['lp-1984@mail.ru', 'alex.ponomarov@mail.ru', 'lp-1984@mail.ru', 'lp-1984@mail.ru', 'lp-1984@mail.ru', 'lp-1984@mail.ru', 'alpono24@gmail.com']
2026-01-28 18:57:02,367 - INFO - Старт отправки письма о новом продукте:  Light Blue от Dolce&Gabbana
2026-01-28 18:57:03,753 - INFO - Письмо о добавлении нового продукта Light Blue от Dolce&Gabbana (1) успешно отправлено для: ['lp-1984@mail.ru', 'alex.ponomarov@mail.ru', 'lp-1984@mail.ru', 'lp-1984@mail.ru', 'lp-1984@mail.ru', 'lp-1984@mail.ru', 'alpono24@gmail.com']
2026-01-28 19:19:57,188 - INFO - Старт отправки письма о новом продукте:  Coca-cola (упаковка)
2026-01-28 19:19:58,554 - INFO - Письмо о добавлении нового продукта Coca-cola (упаковка) (1) успешно отправлено для: ['lp-1984@mail.ru', 'alex.ponomarov@mail.ru', 'lp-1984@mail.ru', 'lp-1984@mail.ru', 'lp-1984@mail.ru', 'lp-1984@mail.ru', 'alpono24@gmail.com']
2026-01-28 19:20:49,016 - INFO - Старт отправки письма о новом продукте:  Coca-cola
2026-01-28 19:20:50,092 - INFO - Письмо о добавлении нового продукта Coca-cola (1) успешно отправлено для: ['lp-1984@mail.ru', 'alex.ponomarov@mail.ru', 'lp-1984@mail.ru', 'lp-1984@mail.ru', 'lp-1984@mail.ru', 'lp-1984@mail.ru', 'alpono24@gmail.com']
2026-01-28 19:24:24,690 - INFO - Старт отправки письма о новом продукте:  iPhone 5S
2026-01-28 19:24:25,853 - INFO - Письмо о добавлении нового продукта iPhone 5S (1) успешно отправлено для: ['lp-1984@mail.ru', 'alex.ponomarov@mail.ru', 'lp-1984@mail.ru', 'lp-1984@mail.ru', 'lp-1984@mail.ru', 'lp-1984@mail.ru', 'alpono24@gmail.com']
2026-01-28 19:27:25,394 - INFO - Старт отправки письма о новом продукте:  iPhone 17 Pro
2026-01-28 19:27:26,626 - INFO - Письмо о добавлении нового продукта iPhone 17 Pro (1) успешно отправлено для: ['lp-1984@mail.ru', 'alex.ponomarov@mail.ru', 'lp-1984@mail.ru', 'lp-1984@mail.ru', 'lp-1984@mail.ru', 'lp-1984@mail.ru', 'alpono24@gmail.com']
