2026-01-25 11:41:53,774 - INFO - Выбранные товары (Nokia 3310) были успешно удалены из вашей корзины.
2026-01-25 11:43:50,470 - INFO - Завершающий этап оформления заказа: send_email_sell
2026-01-25 11:43:50,470 - INFO - Начало работы  - send_email_sell
2026-01-25 11:43:50,480 - INFO - Старт отправки писем через Celery
2026-01-25 11:43:50,516 - INFO - Старт задачи на очистку корзины через Celery
2026-01-25 11:43:50,542 - INFO - Корзина очищена для заказа 117
2026-01-25 11:46:06,074 - INFO - Письмо покупателю отправлено успешно!
2026-01-25 11:46:06,184 - INFO - Письмо продавцу отправлено успешно!
2026-01-25 11:48:03,088 - INFO - Завершающий этап оформления заказа: send_email_sell
2026-01-25 11:48:03,089 - INFO - Начало работы  - send_email_sell
2026-01-25 11:48:03,096 - INFO - Старт отправки писем через Celery
2026-01-25 11:48:03,131 - INFO - Старт задачи на очистку корзины через Celery
2026-01-25 11:48:03,149 - INFO - Корзина очищена для заказа 118
2026-01-25 11:49:11,227 - INFO - Завершающий этап оформления заказа: send_email_sell
2026-01-25 11:49:11,228 - INFO - Начало работы  - send_email_sell
2026-01-25 11:49:11,241 - INFO - Старт отправки писем через Celery
2026-01-25 11:49:11,278 - INFO - Старт задачи на очистку корзины через Celery
2026-01-25 11:49:11,297 - INFO - Корзина очищена для заказа 119
2026-01-25 11:51:25,631 - INFO - Письмо покупателю по заказу 119 отправлено успешно!
2026-01-25 11:51:25,677 - INFO - Письмо продавцу по заказу 119 отправлено успешно!
2026-01-25 12:00:48,971 - INFO - Завершающий этап оформления заказа: send_email_sell
2026-01-25 12:00:48,972 - INFO - Начало работы  - send_email_sell
2026-01-25 12:00:48,991 - INFO - Старт отправки писем через Celery
2026-01-25 12:00:49,029 - INFO - Старт задачи на очистку корзины через Celery
2026-01-25 12:00:49,043 - INFO - Корзина очищена для заказа 120
2026-01-25 12:02:27,687 - INFO - Завершающий этап оформления заказа: send_email_sell
2026-01-25 12:02:27,688 - INFO - Начало работы  - send_email_sell
2026-01-25 12:02:27,703 - INFO - Старт отправки писем через Celery
2026-01-25 12:02:27,738 - INFO - Старт задачи на очистку корзины через Celery
2026-01-25 12:02:27,757 - INFO - Корзина очищена для заказа 121
2026-01-25 12:03:05,939 - INFO - Письмо продавцу по заказу 120 отправлено успешно!
2026-01-25 12:03:06,171 - INFO - Письмо покупателю по заказу 120 отправлено успешно!
2026-01-25 12:04:44,232 - INFO - Письмо продавцу по заказу 121 отправлено успешно!
2026-01-25 12:04:44,327 - INFO - Письмо покупателю по заказу 121 отправлено успешно!
2026-01-25 12:26:17,356 - INFO - Завершающий этап оформления заказа: send_email_sell
2026-01-25 12:26:17,357 - INFO - Начало работы  - send_email_sell
2026-01-25 12:26:17,373 - INFO - Старт отправки писем через Celery
2026-01-25 12:26:17,436 - INFO - Старт задачи на очистку корзины через Celery
2026-01-25 12:26:17,449 - INFO - Корзина очищена для заказа 122
2026-01-25 12:28:33,891 - INFO - Письмо покупателю по заказу 122 отправлено успешно!
2026-01-25 12:28:33,902 - INFO - Письмо продавцу по заказу 122 отправлено успешно!
2026-01-25 12:32:45,330 - INFO - Завершающий этап оформления заказа: send_email_sell
2026-01-25 12:32:45,331 - INFO - Начало работы  - send_email_sell
2026-01-25 12:32:45,346 - INFO - Старт отправки писем через Celery
2026-01-25 12:32:45,355 - INFO - Старт задачи на очистку корзины через Celery
2026-01-25 12:32:45,373 - INFO - Корзина очищена для заказа 123
2026-01-25 12:34:58,805 - INFO - Письмо покупателю по заказу 123 отправлено успешно!
2026-01-25 12:34:58,922 - INFO - Письмо продавцу по заказу 123 отправлено успешно!
2026-01-25 12:36:35,760 - INFO - Завершающий этап оформления заказа: send_email_sell
2026-01-25 12:36:35,761 - INFO - Начало работы  - send_email_sell
2026-01-25 12:36:35,773 - INFO - Старт отправки писем через Celery
2026-01-25 12:36:35,822 - INFO - Старт задачи на очистку корзины через Celery
2026-01-25 12:36:35,832 - INFO - Ошибка отправки письма покупателю: can't multiply sequence by non-int of type 'decimal.Decimal' по заказу 124
2026-01-25 12:36:35,841 - INFO - Корзина очищена для заказа 124
2026-01-25 12:38:52,372 - INFO - Письмо продавцу по заказу 124 отправлено успешно!
2026-01-25 12:40:45,260 - INFO - Завершающий этап оформления заказа: send_email_sell
2026-01-25 12:40:45,260 - INFO - Начало работы  - send_email_sell
2026-01-25 12:40:45,265 - INFO - Старт отправки писем через Celery
2026-01-25 12:40:45,269 - INFO - Старт задачи на очистку корзины через Celery
2026-01-25 12:40:45,292 - INFO - Корзина очищена для заказа 125
2026-01-25 12:43:02,116 - INFO - Письмо продавцу по заказу 125 отправлено успешно!
2026-01-25 12:43:02,430 - INFO - Письмо покупателю по заказу 125 отправлено успешно!
2026-01-25 12:48:37,872 - INFO - Завершающий этап оформления заказа: send_email_sell
2026-01-25 12:48:37,873 - INFO - Начало работы  - send_email_sell
2026-01-25 12:48:37,896 - INFO - Старт отправки писем через Celery
2026-01-25 12:48:37,932 - INFO - Старт задачи на очистку корзины через Celery
2026-01-25 12:48:37,946 - INFO - Корзина очищена для заказа 126
2026-01-25 12:50:53,216 - INFO - Письмо продавцу по заказу 126 отправлено успешно!
2026-01-25 12:50:53,369 - INFO - Письмо покупателю по заказу 126 отправлено успешно!
2026-01-25 13:00:45,467 - INFO - Завершающий этап оформления заказа: send_email_sell
2026-01-25 13:00:45,467 - INFO - Начало работы  - send_email_sell
2026-01-25 13:00:45,491 - INFO - Старт отправки писем через Celery
2026-01-25 13:00:45,495 - INFO - Старт задачи на очистку корзины через Celery
2026-01-25 13:00:45,514 - INFO - Корзина очищена для заказа 127
2026-01-25 13:03:02,180 - INFO - Письмо продавцу по заказу 127 отправлено успешно!
2026-01-25 13:03:02,373 - INFO - Письмо покупателю по заказу 127 отправлено успешно!
2026-01-25 13:06:14,061 - INFO - Завершающий этап оформления заказа: send_email_sell
2026-01-25 13:06:14,062 - INFO - Начало работы  - send_email_sell
2026-01-25 13:06:14,085 - INFO - Старт отправки писем через Celery
2026-01-25 13:06:14,121 - INFO - Старт задачи на очистку корзины через Celery
2026-01-25 13:06:14,141 - INFO - Корзина очищена для заказа 128
2026-01-25 13:08:04,759 - INFO - Завершающий этап оформления заказа: send_email_sell
2026-01-25 13:08:04,759 - INFO - Начало работы  - send_email_sell
2026-01-25 13:08:30,045 - INFO - Письмо покупателю по заказу 128 отправлено успешно!
2026-01-25 13:08:30,224 - INFO - Письмо продавцу по заказу 128 отправлено успешно!
2026-01-25 13:11:16,757 - INFO - Завершающий этап оформления заказа: send_email_sell
2026-01-25 13:11:16,757 - INFO - Начало работы  - send_email_sell
2026-01-25 13:11:16,763 - INFO - Старт отправки писем через Celery
2026-01-25 13:11:16,800 - INFO - Старт задачи на очистку корзины через Celery
2026-01-25 13:11:16,818 - INFO - Корзина очищена для заказа 129
2026-01-25 13:13:33,126 - INFO - Письмо покупателю по заказу 129 отправлено успешно!
2026-01-25 13:13:33,225 - INFO - Письмо продавцу по заказу 129 отправлено успешно!
2026-01-25 13:17:18,596 - INFO - Завершающий этап оформления заказа: send_email_sell
2026-01-25 13:17:18,597 - INFO - Начало работы  - send_email_sell
2026-01-25 13:17:18,605 - INFO - Старт отправки писем через Celery
2026-01-25 13:17:18,642 - INFO - Старт задачи на очистку корзины через Celery
2026-01-25 13:17:18,660 - INFO - Корзина очищена для заказа 130
2026-01-25 13:19:33,490 - INFO - Письмо продавцу по заказу 130 отправлено успешно!
2026-01-25 13:19:33,635 - INFO - Письмо покупателю по заказу 130 отправлено успешно!
