2026-01-22 23:19:47,438 - INFO - Завершающий этап оформления заказа: send_email_sell
2026-01-22 23:19:47,439 - INFO - Начало работы  - send_email_sell
2026-01-22 23:19:47,444 - INFO - Старт отправки писем через Celery
2026-01-22 23:19:47,481 - INFO - Старт задачи на очистку корзины через Celery
2026-01-22 23:22:59,549 - INFO - Корзина очищена для заказа 100
2026-01-22 23:22:59,551 - INFO - Корзина очищена для заказа 100
2026-01-22 23:22:59,554 - INFO - Корзина очищена для заказа 100
2026-01-22 23:22:59,557 - INFO - Корзина очищена для заказа 101
2026-01-22 23:23:21,556 - INFO - Завершающий этап оформления заказа: send_email_sell
2026-01-22 23:23:21,557 - INFO - Начало работы  - send_email_sell
2026-01-22 23:23:21,566 - INFO - Старт отправки писем через Celery
2026-01-22 23:23:21,601 - INFO - Старт задачи на очистку корзины через Celery
2026-01-22 23:23:21,604 - INFO - Корзина очищена для заказа 102
2026-01-22 23:26:20,171 - INFO - Завершающий этап оформления заказа: send_email_sell
2026-01-22 23:26:20,172 - INFO - Начало работы  - send_email_sell
2026-01-22 23:26:20,195 - INFO - Старт отправки писем через Celery
2026-01-22 23:26:20,254 - INFO - Старт задачи на очистку корзины через Celery
2026-01-23 15:10:01,861 - INFO - Корзина очищена для заказа 103
2026-01-23 15:12:13,924 - INFO - Письмо продавцу отправлено успешно!
2026-01-23 15:12:14,000 - INFO - Письмо покупателю отправлено успешно!
2026-01-23 15:18:53,177 - INFO - Завершающий этап оформления заказа: send_email_sell
2026-01-23 15:18:53,178 - INFO - Начало работы  - send_email_sell
2026-01-23 15:18:53,193 - INFO - Старт отправки писем через Celery
2026-01-23 15:18:53,227 - INFO - Старт задачи на очистку корзины через Celery
2026-01-23 15:18:53,230 - INFO - Корзина очищена для заказа 110
2026-01-23 15:20:26,708 - INFO - Завершающий этап оформления заказа: send_email_sell
2026-01-23 15:20:26,709 - INFO - Начало работы  - send_email_sell
2026-01-23 15:20:26,725 - INFO - Старт отправки писем через Celery
2026-01-23 15:20:26,727 - INFO - Старт задачи на очистку корзины через Celery
2026-01-23 15:20:26,735 - INFO - Корзина очищена для заказа 112
2026-01-23 15:21:10,487 - INFO - Письмо покупателю отправлено успешно!
2026-01-23 15:21:10,685 - INFO - Письмо продавцу отправлено успешно!
2026-01-23 15:22:40,630 - INFO - Письмо продавцу отправлено успешно!
2026-01-23 15:22:40,650 - INFO - Письмо покупателю отправлено успешно!
2026-01-23 15:23:01,630 - INFO - Завершающий этап оформления заказа: send_email_sell
2026-01-23 15:23:01,630 - INFO - Начало работы  - send_email_sell
2026-01-23 15:23:01,637 - INFO - Старт отправки писем через Celery
2026-01-23 15:23:01,683 - INFO - Старт задачи на очистку корзины через Celery
2026-01-23 15:23:01,696 - INFO - Корзина очищена для заказа 114
2026-01-23 15:24:07,859 - INFO - Завершающий этап оформления заказа: send_email_sell
2026-01-23 15:24:07,860 - INFO - Начало работы  - send_email_sell
2026-01-23 15:24:07,876 - INFO - Старт отправки писем через Celery
2026-01-23 15:24:07,915 - INFO - Старт задачи на очистку корзины через Celery
2026-01-23 15:24:07,929 - INFO - Корзина очищена для заказа 115
2026-01-23 15:24:13,351 - INFO - Завершающий этап оформления заказа: send_email_sell
2026-01-23 15:24:13,351 - INFO - Начало работы  - send_email_sell
2026-01-23 15:24:47,359 - INFO - Завершающий этап оформления заказа: send_email_sell
2026-01-23 15:24:47,360 - INFO - Начало работы  - send_email_sell
2026-01-23 15:24:47,371 - INFO - Старт отправки писем через Celery
2026-01-23 15:24:47,373 - INFO - Старт задачи на очистку корзины через Celery
2026-01-23 15:24:47,391 - INFO - Корзина очищена для заказа 116
2026-01-23 15:25:16,214 - INFO - Письмо покупателю отправлено успешно!
2026-01-23 15:25:16,369 - INFO - Письмо продавцу отправлено успешно!
2026-01-25 11:41:53,774 - INFO - Выбранные товары (Nokia 3310) были успешно удалены из вашей корзины.
2026-01-25 11:43:50,470 - INFO - Завершающий этап оформления заказа: send_email_sell
2026-01-25 11:43:50,470 - INFO - Начало работы  - send_email_sell
2026-01-25 11:43:50,480 - INFO - Старт отправки писем через Celery
2026-01-25 11:43:50,516 - INFO - Старт задачи на очистку корзины через Celery
2026-01-25 11:43:50,542 - INFO - Корзина очищена для заказа 117
2026-01-25 11:46:06,074 - INFO - Письмо покупателю отправлено успешно!
2026-01-25 11:46:06,184 - INFO - Письмо продавцу отправлено успешно!
2026-01-25 11:48:03,088 - INFO - Завершающий этап оформления заказа: send_email_sell
2026-01-25 11:48:03,089 - INFO - Начало работы  - send_email_sell
2026-01-25 11:48:03,096 - INFO - Старт отправки писем через Celery
2026-01-25 11:48:03,131 - INFO - Старт задачи на очистку корзины через Celery
2026-01-25 11:48:03,149 - INFO - Корзина очищена для заказа 118
2026-01-25 11:49:11,227 - INFO - Завершающий этап оформления заказа: send_email_sell
2026-01-25 11:49:11,228 - INFO - Начало работы  - send_email_sell
2026-01-25 11:49:11,241 - INFO - Старт отправки писем через Celery
2026-01-25 11:49:11,278 - INFO - Старт задачи на очистку корзины через Celery
2026-01-25 11:49:11,297 - INFO - Корзина очищена для заказа 119
2026-01-25 11:51:25,631 - INFO - Письмо покупателю по заказу 119 отправлено успешно!
2026-01-25 11:51:25,677 - INFO - Письмо продавцу по заказу 119 отправлено успешно!
2026-01-25 12:00:48,971 - INFO - Завершающий этап оформления заказа: send_email_sell
2026-01-25 12:00:48,972 - INFO - Начало работы  - send_email_sell
2026-01-25 12:00:48,991 - INFO - Старт отправки писем через Celery
2026-01-25 12:00:49,029 - INFO - Старт задачи на очистку корзины через Celery
2026-01-25 12:00:49,043 - INFO - Корзина очищена для заказа 120
2026-01-25 12:02:27,687 - INFO - Завершающий этап оформления заказа: send_email_sell
2026-01-25 12:02:27,688 - INFO - Начало работы  - send_email_sell
2026-01-25 12:02:27,703 - INFO - Старт отправки писем через Celery
2026-01-25 12:02:27,738 - INFO - Старт задачи на очистку корзины через Celery
2026-01-25 12:02:27,757 - INFO - Корзина очищена для заказа 121
2026-01-25 12:03:05,939 - INFO - Письмо продавцу по заказу 120 отправлено успешно!
2026-01-25 12:03:06,171 - INFO - Письмо покупателю по заказу 120 отправлено успешно!
2026-01-25 12:04:44,232 - INFO - Письмо продавцу по заказу 121 отправлено успешно!
2026-01-25 12:04:44,327 - INFO - Письмо покупателю по заказу 121 отправлено успешно!
2026-01-25 12:26:17,356 - INFO - Завершающий этап оформления заказа: send_email_sell
2026-01-25 12:26:17,357 - INFO - Начало работы  - send_email_sell
2026-01-25 12:26:17,373 - INFO - Старт отправки писем через Celery
2026-01-25 12:26:17,436 - INFO - Старт задачи на очистку корзины через Celery
2026-01-25 12:26:17,449 - INFO - Корзина очищена для заказа 122
2026-01-25 12:28:33,891 - INFO - Письмо покупателю по заказу 122 отправлено успешно!
2026-01-25 12:28:33,902 - INFO - Письмо продавцу по заказу 122 отправлено успешно!
2026-01-25 12:32:45,330 - INFO - Завершающий этап оформления заказа: send_email_sell
2026-01-25 12:32:45,331 - INFO - Начало работы  - send_email_sell
2026-01-25 12:32:45,346 - INFO - Старт отправки писем через Celery
2026-01-25 12:32:45,355 - INFO - Старт задачи на очистку корзины через Celery
2026-01-25 12:32:45,373 - INFO - Корзина очищена для заказа 123
2026-01-25 12:34:58,805 - INFO - Письмо покупателю по заказу 123 отправлено успешно!
2026-01-25 12:34:58,922 - INFO - Письмо продавцу по заказу 123 отправлено успешно!
2026-01-25 12:36:35,760 - INFO - Завершающий этап оформления заказа: send_email_sell
2026-01-25 12:36:35,761 - INFO - Начало работы  - send_email_sell
2026-01-25 12:36:35,773 - INFO - Старт отправки писем через Celery
2026-01-25 12:36:35,822 - INFO - Старт задачи на очистку корзины через Celery
2026-01-25 12:36:35,832 - INFO - Ошибка отправки письма покупателю: can't multiply sequence by non-int of type 'decimal.Decimal' по заказу 124
2026-01-25 12:36:35,841 - INFO - Корзина очищена для заказа 124
2026-01-25 12:38:52,372 - INFO - Письмо продавцу по заказу 124 отправлено успешно!
2026-01-25 12:40:45,260 - INFO - Завершающий этап оформления заказа: send_email_sell
2026-01-25 12:40:45,260 - INFO - Начало работы  - send_email_sell
2026-01-25 12:40:45,265 - INFO - Старт отправки писем через Celery
2026-01-25 12:40:45,269 - INFO - Старт задачи на очистку корзины через Celery
2026-01-25 12:40:45,292 - INFO - Корзина очищена для заказа 125
2026-01-25 12:43:02,116 - INFO - Письмо продавцу по заказу 125 отправлено успешно!
2026-01-25 12:43:02,430 - INFO - Письмо покупателю по заказу 125 отправлено успешно!
2026-01-25 12:48:37,872 - INFO - Завершающий этап оформления заказа: send_email_sell
2026-01-25 12:48:37,873 - INFO - Начало работы  - send_email_sell
2026-01-25 12:48:37,896 - INFO - Старт отправки писем через Celery
2026-01-25 12:48:37,932 - INFO - Старт задачи на очистку корзины через Celery
2026-01-25 12:48:37,946 - INFO - Корзина очищена для заказа 126
2026-01-25 12:50:53,216 - INFO - Письмо продавцу по заказу 126 отправлено успешно!
2026-01-25 12:50:53,369 - INFO - Письмо покупателю по заказу 126 отправлено успешно!
2026-01-25 13:00:45,467 - INFO - Завершающий этап оформления заказа: send_email_sell
2026-01-25 13:00:45,467 - INFO - Начало работы  - send_email_sell
2026-01-25 13:00:45,491 - INFO - Старт отправки писем через Celery
2026-01-25 13:00:45,495 - INFO - Старт задачи на очистку корзины через Celery
2026-01-25 13:00:45,514 - INFO - Корзина очищена для заказа 127
2026-01-25 13:03:02,180 - INFO - Письмо продавцу по заказу 127 отправлено успешно!
2026-01-25 13:03:02,373 - INFO - Письмо покупателю по заказу 127 отправлено успешно!
2026-01-25 13:06:14,061 - INFO - Завершающий этап оформления заказа: send_email_sell
2026-01-25 13:06:14,062 - INFO - Начало работы  - send_email_sell
2026-01-25 13:06:14,085 - INFO - Старт отправки писем через Celery
2026-01-25 13:06:14,121 - INFO - Старт задачи на очистку корзины через Celery
2026-01-25 13:06:14,141 - INFO - Корзина очищена для заказа 128
2026-01-25 13:08:04,759 - INFO - Завершающий этап оформления заказа: send_email_sell
2026-01-25 13:08:04,759 - INFO - Начало работы  - send_email_sell
2026-01-25 13:08:30,045 - INFO - Письмо покупателю по заказу 128 отправлено успешно!
2026-01-25 13:08:30,224 - INFO - Письмо продавцу по заказу 128 отправлено успешно!
2026-01-25 13:11:16,757 - INFO - Завершающий этап оформления заказа: send_email_sell
2026-01-25 13:11:16,757 - INFO - Начало работы  - send_email_sell
2026-01-25 13:11:16,763 - INFO - Старт отправки писем через Celery
2026-01-25 13:11:16,800 - INFO - Старт задачи на очистку корзины через Celery
2026-01-25 13:11:16,818 - INFO - Корзина очищена для заказа 129
2026-01-25 13:13:33,126 - INFO - Письмо покупателю по заказу 129 отправлено успешно!
2026-01-25 13:13:33,225 - INFO - Письмо продавцу по заказу 129 отправлено успешно!
2026-01-25 13:17:18,596 - INFO - Завершающий этап оформления заказа: send_email_sell
2026-01-25 13:17:18,597 - INFO - Начало работы  - send_email_sell
2026-01-25 13:17:18,605 - INFO - Старт отправки писем через Celery
2026-01-25 13:17:18,642 - INFO - Старт задачи на очистку корзины через Celery
2026-01-25 13:17:18,660 - INFO - Корзина очищена для заказа 130
2026-01-25 13:19:33,490 - INFO - Письмо продавцу по заказу 130 отправлено успешно!
2026-01-25 13:19:33,635 - INFO - Письмо покупателю по заказу 130 отправлено успешно!
2026-01-28 14:08:50,360 - INFO - Завершающий этап оформления заказа: send_email_sell
2026-01-28 14:08:50,361 - INFO - Начало работы  - send_email_sell
2026-01-28 14:08:50,371 - INFO - Старт отправки писем через Celery
2026-01-28 14:08:50,374 - INFO - Старт задачи на очистку корзины через Celery
2026-01-28 14:08:50,398 - INFO - Корзина очищена для заказа 1
2026-01-28 14:08:50,886 - INFO - Ошибка отправки письма покупателю: {'alpono24@gmail.ru': (550, b'non-local recipient verification failed')} по заказу 1
2026-01-28 14:08:52,483 - INFO - Письмо продавцу по заказу 1 отправлено успешно!
2026-01-28 17:27:08,987 - INFO - Завершающий этап оформления заказа: send_email_sell
2026-01-28 17:27:08,988 - INFO - Начало работы  - send_email_sell
2026-01-28 17:27:08,997 - INFO - Старт отправки писем через Celery
2026-01-28 17:27:08,999 - INFO - Старт задачи на очистку корзины через Celery
2026-01-28 17:27:09,033 - INFO - Корзина очищена для заказа 1
2026-01-28 17:27:09,972 - INFO - Письмо продавцу по заказу 1 отправлено успешно!
2026-01-28 17:27:10,104 - INFO - Письмо покупателю по заказу 1 отправлено успешно!
2026-01-28 17:27:25,956 - INFO - Завершающий этап оформления заказа: send_email_sell
2026-01-28 17:27:25,957 - INFO - Начало работы  - send_email_sell
2026-01-28 18:32:35,997 - INFO - Завершающий этап оформления заказа: send_email_sell
2026-01-28 18:32:35,997 - INFO - Начало работы  - send_email_sell
2026-01-28 18:32:36,012 - INFO - Старт отправки писем через Celery
2026-01-28 18:32:36,054 - INFO - Старт задачи на очистку корзины через Celery
2026-01-28 18:32:36,067 - INFO - Корзина очищена для заказа 3
2026-01-28 18:32:37,153 - INFO - Письмо покупателю по заказу 3 отправлено успешно!
2026-01-28 18:32:37,215 - INFO - Письмо продавцу по заказу 3 отправлено успешно!
2026-01-28 19:30:37,190 - INFO - Завершающий этап оформления заказа: send_email_sell
2026-01-28 19:30:37,190 - INFO - Начало работы  - send_email_sell
2026-01-28 19:30:37,213 - INFO - Старт отправки писем через Celery
2026-01-28 19:30:37,216 - INFO - Старт задачи на очистку корзины через Celery
2026-01-28 19:30:37,248 - INFO - Корзина очищена для заказа 4
2026-01-28 19:30:38,210 - INFO - Письмо покупателю по заказу 4 отправлено успешно!
2026-01-28 19:30:38,298 - INFO - Письмо продавцу по заказу 4 отправлено успешно!
